Generated at 2021-01-11 04:15:51 +0000
Chef::Exceptions::CookbookNotFound: Cookbook apache-tomcat not found. If you're loading apache-tomcat from another cookbook, make sure you configure the dependency in your metadata
/opt/chefdk/embedded/lib/ruby/gems/2.6.0/gems/chef-15.14.0/lib/chef/cookbook/cookbook_collection.rb:38:in `block in initialize'
/opt/chefdk/embedded/lib/ruby/gems/2.6.0/gems/ohai-15.12.0/lib/ohai/mash.rb:72:in `default'
/opt/chefdk/embedded/lib/ruby/gems/2.6.0/gems/ohai-15.12.0/lib/ohai/mash.rb:72:in `default'
/opt/chefdk/embedded/lib/ruby/gems/2.6.0/gems/chef-15.14.0/lib/chef/run_context.rb:392:in `[]'
/opt/chefdk/embedded/lib/ruby/gems/2.6.0/gems/chef-15.14.0/lib/chef/run_context.rb:392:in `load_recipe'
/opt/chefdk/embedded/lib/ruby/gems/2.6.0/gems/chef-15.14.0/lib/chef/run_context.rb:349:in `block in include_recipe'
/opt/chefdk/embedded/lib/ruby/gems/2.6.0/gems/chef-15.14.0/lib/chef/run_context.rb:348:in `each'
/opt/chefdk/embedded/lib/ruby/gems/2.6.0/gems/chef-15.14.0/lib/chef/run_context.rb:348:in `include_recipe'
/opt/chefdk/embedded/lib/ruby/gems/2.6.0/gems/chef-15.14.0/lib/chef/dsl/include_recipe.rb:26:in `include_recipe'
/etc/chef-repo/.chef/local-mode-cache/cache/cookbooks/learnwithproject.com/recipes/default.rb:6:in `from_file'
/opt/chefdk/embedded/lib/ruby/gems/2.6.0/gems/chef-15.14.0/lib/chef/mixin/from_file.rb:34:in `instance_eval'
/opt/chefdk/embedded/lib/ruby/gems/2.6.0/gems/chef-15.14.0/lib/chef/mixin/from_file.rb:34:in `from_file'
/opt/chefdk/embedded/lib/ruby/gems/2.6.0/gems/chef-15.14.0/lib/chef/cookbook_version.rb:199:in `load_recipe'
/opt/chefdk/embedded/lib/ruby/gems/2.6.0/gems/chef-15.14.0/lib/chef/run_context.rb:393:in `load_recipe'
/opt/chefdk/embedded/lib/ruby/gems/2.6.0/gems/chef-15.14.0/lib/chef/run_context/cookbook_compiler.rb:166:in `block in compile_recipes'
/opt/chefdk/embedded/lib/ruby/gems/2.6.0/gems/chef-15.14.0/lib/chef/run_context/cookbook_compiler.rb:163:in `each'
/opt/chefdk/embedded/lib/ruby/gems/2.6.0/gems/chef-15.14.0/lib/chef/run_context/cookbook_compiler.rb:163:in `compile_recipes'
/opt/chefdk/embedded/lib/ruby/gems/2.6.0/gems/chef-15.14.0/lib/chef/run_context/cookbook_compiler.rb:79:in `compile'
/opt/chefdk/embedded/lib/ruby/gems/2.6.0/gems/chef-15.14.0/lib/chef/run_context.rb:223:in `load'
/opt/chefdk/embedded/lib/ruby/gems/2.6.0/gems/chef-15.14.0/lib/chef/policy_builder/expand_node_object.rb:103:in `setup_run_context'
/opt/chefdk/embedded/lib/ruby/2.6.0/forwardable.rb:230:in `setup_run_context'
/opt/chefdk/embedded/lib/ruby/gems/2.6.0/gems/chef-15.14.0/lib/chef/client.rb:496:in `setup_run_context'
/opt/chefdk/embedded/lib/ruby/gems/2.6.0/gems/chef-15.14.0/lib/chef/client.rb:284:in `run'
/opt/chefdk/embedded/lib/ruby/gems/2.6.0/gems/chef-15.14.0/lib/chef/application.rb:320:in `run_with_graceful_exit_option'
/opt/chefdk/embedded/lib/ruby/gems/2.6.0/gems/chef-15.14.0/lib/chef/application.rb:296:in `block in run_chef_client'
/opt/chefdk/embedded/lib/ruby/gems/2.6.0/gems/chef-15.14.0/lib/chef/local_mode.rb:42:in `with_server_connectivity'
/opt/chefdk/embedded/lib/ruby/gems/2.6.0/gems/chef-15.14.0/lib/chef/application.rb:279:in `run_chef_client'
/opt/chefdk/embedded/lib/ruby/gems/2.6.0/gems/chef-15.14.0/lib/chef/application/base.rb:330:in `run_application'
/opt/chefdk/embedded/lib/ruby/gems/2.6.0/gems/chef-15.14.0/lib/chef/application.rb:68:in `run'
/opt/chefdk/embedded/lib/ruby/gems/2.6.0/gems/chef-bin-15.14.0/bin/chef-client:25:in `<top (required)>'
/usr/bin/chef-client:342:in `load'
/usr/bin/chef-client:342:in `<main>'